<?xml version="1.0" encoding="UTF-8"?>
<testsuite xmlns:xsi="http://www.w3.org/2001/XMLSchema-instance" xsi:noNamespaceSchemaLocation="https://maven.apache.org/surefire/maven-surefire-plugin/xsd/surefire-test-report-3.0.xsd" version="3.0" name="TestSuite" time="74.889" tests="10" errors="0" skipped="0" failures="0">
  <properties>
    <property name="java.specification.version" value="21"/>
    <property name="sun.cpu.isalist" value="amd64"/>
    <property name="sun.jnu.encoding" value="Cp1252"/>
    <property name="java.class.path" value="C:\Users\annar\source\Solvd\AutoTests\target\test-classes;C:\Users\annar\source\Solvd\AutoTests\target\classes;C:\Users\annar\.m2\repository\com\zebrunner\carina-core\1.2.10\carina-core-1.2.10.jar;C:\Users\annar\.m2\repository\com\zebrunner\carina-webdriver\1.2.11\carina-webdriver-1.2.11.jar;C:\Users\annar\.m2\repository\com\zebrunner\carina-commons\1.0.2\carina-commons-1.0.2.jar;C:\Users\annar\.m2\repository\com\zebrunner\agent-testng-pluggable\1.9.8\agent-testng-pluggable-1.9.8.jar;C:\Users\annar\.m2\repository\com\zebrunner\agent-core\1.9.8\agent-core-1.9.8.jar;C:\Users\annar\.m2\repository\org\yaml\snakeyaml\1.30\snakeyaml-1.30.jar;C:\Users\annar\.m2\repository\com\konghq\unirest-java\3.13.10\unirest-java-3.13.10.jar;C:\Users\annar\.m2\repository\org\apache\httpcomponents\httpcore-nio\4.4.13\httpcore-nio-4.4.13.jar;C:\Users\annar\.m2\repository\org\apache\httpcomponents\httpasyncclient\4.1.5\httpasyncclient-4.1.5.jar;C:\Users\annar\.m2\repository\com\google\guava\guava\32.1.2-jre\guava-32.1.2-jre.jar;C:\Users\annar\.m2\repository\com\google\guava\failureaccess\1.0.1\failureaccess-1.0.1.jar;C:\Users\annar\.m2\repository\com\google\guava\listenablefuture\9999.0-empty-to-avoid-conflict-with-guava\listenablefuture-9999.0-empty-to-avoid-conflict-with-guava.jar;C:\Users\annar\.m2\repository\com\google\code\findbugs\jsr305\3.0.2\jsr305-3.0.2.jar;C:\Users\annar\.m2\repository\org\checkerframework\checker-qual\3.33.0\checker-qual-3.33.0.jar;C:\Users\annar\.m2\repository\com\google\errorprone\error_prone_annotations\2.18.0\error_prone_annotations-2.18.0.jar;C:\Users\annar\.m2\repository\com\google\j2objc\j2objc-annotations\2.8\j2objc-annotations-2.8.jar;C:\Users\annar\.m2\repository\org\seleniumhq\selenium\selenium-support\4.13.0\selenium-support-4.13.0.jar;C:\Users\annar\.m2\repository\com\google\auto\service\auto-service-annotations\1.1.1\auto-service-annotations-1.1.1.jar;C:\Users\annar\.m2\repository\net\bytebuddy\byte-buddy\1.14.5\byte-buddy-1.14.5.jar;C:\Users\annar\.m2\repository\org\seleniumhq\selenium\selenium-json\4.13.0\selenium-json-4.13.0.jar;C:\Users\annar\.m2\repository\org\seleniumhq\selenium\selenium-api\4.13.0\selenium-api-4.13.0.jar;C:\Users\annar\.m2\repository\org\seleniumhq\selenium\selenium-remote-driver\4.13.0\selenium-remote-driver-4.13.0.jar;C:\Users\annar\.m2\repository\io\netty\netty-buffer\4.1.96.Final\netty-buffer-4.1.96.Final.jar;C:\Users\annar\.m2\repository\io\netty\netty-codec-http\4.1.96.Final\netty-codec-http-4.1.96.Final.jar;C:\Users\annar\.m2\repository\io\netty\netty-common\4.1.96.Final\netty-common-4.1.96.Final.jar;C:\Users\annar\.m2\repository\io\netty\netty-transport-classes-epoll\4.1.96.Final\netty-transport-classes-epoll-4.1.96.Final.jar;C:\Users\annar\.m2\repository\io\netty\netty-transport-classes-kqueue\4.1.96.Final\netty-transport-classes-kqueue-4.1.96.Final.jar;C:\Users\annar\.m2\repository\io\netty\netty-transport-native-epoll\4.1.96.Final\netty-transport-native-epoll-4.1.96.Final.jar;C:\Users\annar\.m2\repository\io\netty\netty-transport-native-kqueue\4.1.96.Final\netty-transport-native-kqueue-4.1.96.Final.jar;C:\Users\annar\.m2\repository\io\netty\netty-transport-native-unix-common\4.1.96.Final\netty-transport-native-unix-common-4.1.96.Final.jar;C:\Users\annar\.m2\repository\io\netty\netty-transport\4.1.96.Final\netty-transport-4.1.96.Final.jar;C:\Users\annar\.m2\repository\io\opentelemetry\opentelemetry-api\1.28.0\opentelemetry-api-1.28.0.jar;C:\Users\annar\.m2\repository\io\opentelemetry\opentelemetry-context\1.28.0\opentelemetry-context-1.28.0.jar;C:\Users\annar\.m2\repository\io\opentelemetry\opentelemetry-exporter-logging\1.28.0\opentelemetry-exporter-logging-1.28.0.jar;C:\Users\annar\.m2\repository\io\opentelemetry\opentelemetry-sdk-metrics\1.28.0\opentelemetry-sdk-metrics-1.28.0.jar;C:\Users\annar\.m2\repository\io\opentelemetry\opentelemetry-extension-incubator\1.28.0-alpha\opentelemetry-extension-incubator-1.28.0-alpha.jar;C:\Users\annar\.m2\repository\io\opentelemetry\opentelemetry-sdk-logs\1.28.0\opentelemetry-sdk-logs-1.28.0.jar;C:\Users\annar\.m2\repository\io\opentelemetry\opentelemetry-sdk-common\1.28.0\opentelemetry-sdk-common-1.28.0.jar;C:\Users\annar\.m2\repository\io\opentelemetry\opentelemetry-sdk-extension-autoconfigure-spi\1.28.0\opentelemetry-sdk-extension-autoconfigure-spi-1.28.0.jar;C:\Users\annar\.m2\repository\io\opentelemetry\opentelemetry-sdk-extension-autoconfigure\1.28.0\opentelemetry-sdk-extension-autoconfigure-1.28.0.jar;C:\Users\annar\.m2\repository\io\opentelemetry\opentelemetry-api-events\1.28.0-alpha\opentelemetry-api-events-1.28.0-alpha.jar;C:\Users\annar\.m2\repository\io\opentelemetry\opentelemetry-sdk-trace\1.28.0\opentelemetry-sdk-trace-1.28.0.jar;C:\Users\annar\.m2\repository\io\opentelemetry\opentelemetry-sdk\1.28.0\opentelemetry-sdk-1.28.0.jar;C:\Users\annar\.m2\repository\io\opentelemetry\opentelemetry-semconv\1.28.0-alpha\opentelemetry-semconv-1.28.0-alpha.jar;C:\Users\annar\.m2\repository\org\asynchttpclient\async-http-client\2.12.3\async-http-client-2.12.3.jar;C:\Users\annar\.m2\repository\org\asynchttpclient\async-http-client-netty-utils\2.12.3\async-http-client-netty-utils-2.12.3.jar;C:\Users\annar\.m2\repository\org\reactivestreams\reactive-streams\1.0.3\reactive-streams-1.0.3.jar;C:\Users\annar\.m2\repository\com\typesafe\netty\netty-reactive-streams\2.0.4\netty-reactive-streams-2.0.4.jar;C:\Users\annar\.m2\repository\com\sun\activation\jakarta.activation\1.2.2\jakarta.activation-1.2.2.jar;C:\Users\annar\.m2\repository\org\seleniumhq\selenium\selenium-http\4.13.0\selenium-http-4.13.0.jar;C:\Users\annar\.m2\repository\dev\failsafe\failsafe\3.3.2\failsafe-3.3.2.jar;C:\Users\annar\.m2\repository\org\seleniumhq\selenium\selenium-manager\4.13.0\selenium-manager-4.13.0.jar;C:\Users\annar\.m2\repository\org\seleniumhq\selenium\selenium-os\4.13.0\selenium-os-4.13.0.jar;C:\Users\annar\.m2\repository\org\apache\commons\commons-exec\1.3\commons-exec-1.3.jar;C:\Users\annar\.m2\repository\org\seleniumhq\selenium\selenium-firefox-driver\4.13.0\selenium-firefox-driver-4.13.0.jar;C:\Users\annar\.m2\repository\org\seleniumhq\selenium\selenium-devtools-v85\4.13.0\selenium-devtools-v85-4.13.0.jar;C:\Users\annar\.m2\repository\org\seleniumhq\selenium\selenium-chrome-driver\4.13.0\selenium-chrome-driver-4.13.0.jar;C:\Users\annar\.m2\repository\org\seleniumhq\selenium\selenium-chromium-driver\4.13.0\selenium-chromium-driver-4.13.0.jar;C:\Users\annar\.m2\repository\org\seleniumhq\selenium\selenium-edge-driver\4.13.0\selenium-edge-driver-4.13.0.jar;C:\Users\annar\.m2\repository\org\seleniumhq\selenium\selenium-ie-driver\4.13.0\selenium-ie-driver-4.13.0.jar;C:\Users\annar\.m2\repository\org\seleniumhq\selenium\selenium-safari-driver\4.13.0\selenium-safari-driver-4.13.0.jar;C:\Users\annar\.m2\repository\io\appium\java-client\8.6.0\java-client-8.6.0.jar;C:\Users\annar\.m2\repository\com\github\kklisura\cdt\cdt-java-client\4.0.0\cdt-java-client-4.0.0.jar;C:\Users\annar\.m2\repository\javax\websocket\javax.websocket-api\1.1\javax.websocket-api-1.1.jar;C:\Users\annar\.m2\repository\org\glassfish\tyrus\tyrus-container-grizzly-client\1.13.1\tyrus-container-grizzly-client-1.13.1.jar;C:\Users\annar\.m2\repository\org\glassfish\grizzly\grizzly-framework\2.3.25\grizzly-framework-2.3.25.jar;C:\Users\annar\.m2\repository\org\glassfish\grizzly\grizzly-http-server\2.3.25\grizzly-http-server-2.3.25.jar;C:\Users\annar\.m2\repository\org\glassfish\grizzly\grizzly-http\2.3.25\grizzly-http-2.3.25.jar;C:\Users\annar\.m2\repository\org\glassfish\tyrus\tyrus-client\1.13.1\tyrus-client-1.13.1.jar;C:\Users\annar\.m2\repository\org\glassfish\tyrus\tyrus-core\1.13.1\tyrus-core-1.13.1.jar;C:\Users\annar\.m2\repository\org\glassfish\tyrus\tyrus-spi\1.13.1\tyrus-spi-1.13.1.jar;C:\Users\annar\.m2\repository\org\apache\pdfbox\pdfbox\2.0.28\pdfbox-2.0.28.jar;C:\Users\annar\.m2\repository\org\apache\pdfbox\fontbox\2.0.28\fontbox-2.0.28.jar;C:\Users\annar\.m2\repository\ru\yandex\qatools\ashot\ashot\1.5.4\ashot-1.5.4.jar;C:\Users\annar\.m2\repository\joda-time\joda-time\2.9.9\joda-time-2.9.9.jar;C:\Users\annar\.m2\repository\com\itextpdf\itextpdf\5.5.13.3\itextpdf-5.5.13.3.jar;C:\Users\annar\.m2\repository\org\reflections\reflections\0.10.2\reflections-0.10.2.jar;C:\Users\annar\.m2\repository\com\sun\jersey\jersey-core\1.19.4\jersey-core-1.19.4.jar;C:\Users\annar\.m2\repository\javax\ws\rs\jsr311-api\1.1.1\jsr311-api-1.1.1.jar;C:\Users\annar\.m2\repository\commons-collections\commons-collections\3.2.2\commons-collections-3.2.2.jar;C:\Users\annar\.m2\repository\org\hamcrest\hamcrest-core\1.3\hamcrest-core-1.3.jar;C:\Users\annar\.m2\repository\org\hamcrest\hamcrest-all\1.3\hamcrest-all-1.3.jar;C:\Users\annar\.m2\repository\org\imgscalr\imgscalr-lib\4.2\imgscalr-lib-4.2.jar;C:\Users\annar\.m2\repository\org\apiguardian\apiguardian-api\1.1.2\apiguardian-api-1.1.2.jar;C:\Users\annar\.m2\repository\org\slf4j\slf4j-api\1.7.30\slf4j-api-1.7.30.jar;C:\Users\annar\.m2\repository\org\apache\logging\log4j\log4j-api\2.17.1\log4j-api-2.17.1.jar;C:\Users\annar\.m2\repository\org\apache\logging\log4j\log4j-core\2.17.1\log4j-core-2.17.1.jar;C:\Users\annar\.m2\repository\org\apache\logging\log4j\log4j-slf4j-impl\2.17.1\log4j-slf4j-impl-2.17.1.jar;C:\Users\annar\.m2\repository\com\nordstrom\tools\testng-foundation\2.0.1\testng-foundation-2.0.1.jar;C:\Users\annar\.m2\repository\com\nordstrom\tools\java-utils\1.9.3\java-utils-1.9.3.jar;C:\Users\annar\.m2\repository\com\nordstrom\tools\settings\2.3.3\settings-2.3.3.jar;C:\Users\annar\.m2\repository\commons-beanutils\commons-beanutils\1.9.4\commons-beanutils-1.9.4.jar;C:\Users\annar\.m2\repository\com\zebrunner\carina-api\1.0.1\carina-api-1.0.1.jar;C:\Users\annar\.m2\repository\com\zebrunner\carina-utils\1.0.3\carina-utils-1.0.3.jar;C:\Users\annar\.m2\repository\com\zebrunner\carina-crypto\1.0.1\carina-crypto-1.0.1.jar;C:\Users\annar\.m2\repository\commons-cli\commons-cli\1.5.0\commons-cli-1.5.0.jar;C:\Users\annar\.m2\repository\com\sun\jna\jna\3.0.9\jna-3.0.9.jar;C:\Users\annar\.m2\repository\com\fasterxml\jackson\core\jackson-core\2.14.1\jackson-core-2.14.1.jar;C:\Users\annar\.m2\repository\com\fasterxml\jackson\core\jackson-databind\2.14.1\jackson-databind-2.14.1.jar;C:\Users\annar\.m2\repository\com\fasterxml\jackson\core\jackson-annotations\2.14.1\jackson-annotations-2.14.1.jar;C:\Users\annar\.m2\repository\org\mongodb\mongo-java-driver\2.11.3\mongo-java-driver-2.11.3.jar;C:\Users\annar\.m2\repository\commons-net\commons-net\3.9.0\commons-net-3.9.0.jar;C:\Users\annar\.m2\repository\com\google\code\gson\gson\2.9.0\gson-2.9.0.jar;C:\Users\annar\.m2\repository\javax\xml\bind\jaxb-api\2.2.2\jaxb-api-2.2.2.jar;C:\Users\annar\.m2\repository\javax\xml\stream\stax-api\1.0-2\stax-api-1.0-2.jar;C:\Users\annar\.m2\repository\javax\activation\activation\1.1\activation-1.1.jar;C:\Users\annar\.m2\repository\org\apache\poi\poi-ooxml\4.1.2\poi-ooxml-4.1.2.jar;C:\Users\annar\.m2\repository\org\apache\poi\poi\4.1.2\poi-4.1.2.jar;C:\Users\annar\.m2\repository\org\apache\commons\commons-collections4\4.4\commons-collections4-4.4.jar;C:\Users\annar\.m2\repository\org\apache\commons\commons-math3\3.6.1\commons-math3-3.6.1.jar;C:\Users\annar\.m2\repository\com\zaxxer\SparseBitSet\1.2\SparseBitSet-1.2.jar;C:\Users\annar\.m2\repository\org\apache\poi\poi-ooxml-schemas\4.1.2\poi-ooxml-schemas-4.1.2.jar;C:\Users\annar\.m2\repository\org\apache\xmlbeans\xmlbeans\3.1.0\xmlbeans-3.1.0.jar;C:\Users\annar\.m2\repository\org\apache\commons\commons-compress\1.19\commons-compress-1.19.jar;C:\Users\annar\.m2\repository\com\github\virtuald\curvesapi\1.06\curvesapi-1.06.jar;C:\Users\annar\.m2\repository\com\zebrunner\carina-proxy\1.0.1\carina-proxy-1.0.1.jar;C:\Users\annar\.m2\repository\com\browserup\browserup-proxy-core\2.1.2\browserup-proxy-core-2.1.2.jar;C:\Users\annar\.m2\repository\xyz\rogfam\littleproxy\2.0.0-beta-5\littleproxy-2.0.0-beta-5.jar;C:\Users\annar\.m2\repository\com\barchart\udt\barchart-udt-bundle\2.3.0\barchart-udt-bundle-2.3.0.jar;C:\Users\annar\.m2\repository\com\browserup\browserup-proxy-mitm\2.1.2\browserup-proxy-mitm-2.1.2.jar;C:\Users\annar\.m2\repository\com\jcraft\jzlib\1.1.3\jzlib-1.1.3.jar;C:\Users\annar\.m2\repository\dnsjava\dnsjava\3.1.0\dnsjava-3.1.0.jar;C:\Users\annar\.m2\repository\org\bouncycastle\bcpkix-jdk15on\1.64\bcpkix-jdk15on-1.64.jar;C:\Users\annar\.m2\repository\org\bouncycastle\bcprov-jdk15on\1.64\bcprov-jdk15on-1.64.jar;C:\Users\annar\.m2\repository\org\brotli\dec\0.1.2\dec-0.1.2.jar;C:\Users\annar\.m2\repository\org\slf4j\jcl-over-slf4j\1.7.30\jcl-over-slf4j-1.7.30.jar;C:\Users\annar\.m2\repository\io\netty\netty-all\4.1.80.Final\netty-all-4.1.80.Final.jar;C:\Users\annar\.m2\repository\io\netty\netty-codec\4.1.80.Final\netty-codec-4.1.80.Final.jar;C:\Users\annar\.m2\repository\io\netty\netty-codec-dns\4.1.80.Final\netty-codec-dns-4.1.80.Final.jar;C:\Users\annar\.m2\repository\io\netty\netty-codec-haproxy\4.1.80.Final\netty-codec-haproxy-4.1.80.Final.jar;C:\Users\annar\.m2\repository\io\netty\netty-codec-http2\4.1.80.Final\netty-codec-http2-4.1.80.Final.jar;C:\Users\annar\.m2\repository\io\netty\netty-codec-memcache\4.1.80.Final\netty-codec-memcache-4.1.80.Final.jar;C:\Users\annar\.m2\repository\io\netty\netty-codec-mqtt\4.1.80.Final\netty-codec-mqtt-4.1.80.Final.jar;C:\Users\annar\.m2\repository\io\netty\netty-codec-redis\4.1.80.Final\netty-codec-redis-4.1.80.Final.jar;C:\Users\annar\.m2\repository\io\netty\netty-codec-smtp\4.1.80.Final\netty-codec-smtp-4.1.80.Final.jar;C:\Users\annar\.m2\repository\io\netty\netty-codec-socks\4.1.80.Final\netty-codec-socks-4.1.80.Final.jar;C:\Users\annar\.m2\repository\io\netty\netty-codec-stomp\4.1.80.Final\netty-codec-stomp-4.1.80.Final.jar;C:\Users\annar\.m2\repository\io\netty\netty-codec-xml\4.1.80.Final\netty-codec-xml-4.1.80.Final.jar;C:\Users\annar\.m2\repository\io\netty\netty-handler\4.1.80.Final\netty-handler-4.1.80.Final.jar;C:\Users\annar\.m2\repository\io\netty\netty-handler-proxy\4.1.80.Final\netty-handler-proxy-4.1.80.Final.jar;C:\Users\annar\.m2\repository\io\netty\netty-resolver\4.1.80.Final\netty-resolver-4.1.80.Final.jar;C:\Users\annar\.m2\repository\io\netty\netty-resolver-dns\4.1.80.Final\netty-resolver-dns-4.1.80.Final.jar;C:\Users\annar\.m2\repository\io\netty\netty-transport-rxtx\4.1.80.Final\netty-transport-rxtx-4.1.80.Final.jar;C:\Users\annar\.m2\repository\io\netty\netty-transport-sctp\4.1.80.Final\netty-transport-sctp-4.1.80.Final.jar;C:\Users\annar\.m2\repository\io\netty\netty-transport-udt\4.1.80.Final\netty-transport-udt-4.1.80.Final.jar;C:\Users\annar\.m2\repository\io\netty\netty-resolver-dns-classes-macos\4.1.80.Final\netty-resolver-dns-classes-macos-4.1.80.Final.jar;C:\Users\annar\.m2\repository\io\netty\netty-transport-native-epoll\4.1.80.Final\netty-transport-native-epoll-4.1.80.Final-linux-x86_64.jar;C:\Users\annar\.m2\repository\io\netty\netty-transport-native-epoll\4.1.80.Final\netty-transport-native-epoll-4.1.80.Final-linux-aarch_64.jar;C:\Users\annar\.m2\repository\io\netty\netty-transport-native-kqueue\4.1.80.Final\netty-transport-native-kqueue-4.1.80.Final-osx-x86_64.jar;C:\Users\annar\.m2\repository\io\netty\netty-transport-native-kqueue\4.1.80.Final\netty-transport-native-kqueue-4.1.80.Final-osx-aarch_64.jar;C:\Users\annar\.m2\repository\io\netty\netty-resolver-dns-native-macos\4.1.80.Final\netty-resolver-dns-native-macos-4.1.80.Final-osx-x86_64.jar;C:\Users\annar\.m2\repository\io\netty\netty-resolver-dns-native-macos\4.1.80.Final\netty-resolver-dns-native-macos-4.1.80.Final-osx-aarch_64.jar;C:\Users\annar\.m2\repository\io\netty\netty-tcnative-classes\2.0.54.Final\netty-tcnative-classes-2.0.54.Final.jar;C:\Users\annar\.m2\repository\org\apache\commons\commons-lang3\3.5\commons-lang3-3.5.jar;C:\Users\annar\.m2\repository\org\apache\httpcomponents\httpclient\4.5.13\httpclient-4.5.13.jar;C:\Users\annar\.m2\repository\org\apache\httpcomponents\httpcore\4.4.13\httpcore-4.4.13.jar;C:\Users\annar\.m2\repository\commons-logging\commons-logging\1.2\commons-logging-1.2.jar;C:\Users\annar\.m2\repository\commons-codec\commons-codec\1.11\commons-codec-1.11.jar;C:\Users\annar\.m2\repository\commons-io\commons-io\2.7\commons-io-2.7.jar;C:\Users\annar\.m2\repository\org\apache\commons\commons-configuration2\2.8.0\commons-configuration2-2.8.0.jar;C:\Users\annar\.m2\repository\org\apache\commons\commons-text\1.10.0\commons-text-1.10.0.jar;C:\Users\annar\.m2\repository\org\freemarker\freemarker\2.3.31\freemarker-2.3.31.jar;C:\Users\annar\.m2\repository\org\skyscreamer\jsonassert\1.5.0\jsonassert-1.5.0.jar;C:\Users\annar\.m2\repository\ognl\ognl\3.3.2\ognl-3.3.2.jar;C:\Users\annar\.m2\repository\org\javassist\javassist\3.28.0-GA\javassist-3.28.0-GA.jar;C:\Users\annar\.m2\repository\org\xmlunit\xmlunit-assertj3\2.8.2\xmlunit-assertj3-2.8.2.jar;C:\Users\annar\.m2\repository\org\xmlunit\xmlunit-core\2.8.2\xmlunit-core-2.8.2.jar;C:\Users\annar\.m2\repository\jakarta\xml\bind\jakarta.xml.bind-api\2.3.3\jakarta.xml.bind-api-2.3.3.jar;C:\Users\annar\.m2\repository\jakarta\activation\jakarta.activation-api\1.2.2\jakarta.activation-api-1.2.2.jar;C:\Users\annar\.m2\repository\org\assertj\assertj-core\3.18.1\assertj-core-3.18.1.jar;C:\Users\annar\.m2\repository\io\rest-assured\json-schema-validator\4.3.0\json-schema-validator-4.3.0.jar;C:\Users\annar\.m2\repository\com\github\java-json-tools\json-schema-validator\2.2.10\json-schema-validator-2.2.10.jar;C:\Users\annar\.m2\repository\com\github\java-json-tools\json-schema-core\1.2.10\json-schema-core-1.2.10.jar;C:\Users\annar\.m2\repository\com\github\java-json-tools\jackson-coreutils\1.9\jackson-coreutils-1.9.jar;C:\Users\annar\.m2\repository\com\github\fge\msg-simple\1.1\msg-simple-1.1.jar;C:\Users\annar\.m2\repository\com\github\fge\btf\1.2\btf-1.2.jar;C:\Users\annar\.m2\repository\com\github\fge\uri-template\0.9\uri-template-0.9.jar;C:\Users\annar\.m2\repository\org\mozilla\rhino\1.7.7.1\rhino-1.7.7.1.jar;C:\Users\annar\.m2\repository\javax\mail\mailapi\1.4.3\mailapi-1.4.3.jar;C:\Users\annar\.m2\repository\com\googlecode\libphonenumber\libphonenumber\8.0.0\libphonenumber-8.0.0.jar;C:\Users\annar\.m2\repository\net\sf\jopt-simple\jopt-simple\5.0.3\jopt-simple-5.0.3.jar;C:\Users\annar\.m2\repository\org\everit\json\org.everit.json.schema\1.5.1\org.everit.json.schema-1.5.1.jar;C:\Users\annar\.m2\repository\commons-validator\commons-validator\1.5.1\commons-validator-1.5.1.jar;C:\Users\annar\.m2\repository\commons-digester\commons-digester\1.8.1\commons-digester-1.8.1.jar;C:\Users\annar\.m2\repository\org\json\json\20160810\json-20160810.jar;C:\Users\annar\.m2\repository\io\rest-assured\rest-assured\5.4.0\rest-assured-5.4.0.jar;C:\Users\annar\.m2\repository\org\apache\groovy\groovy\4.0.16\groovy-4.0.16.jar;C:\Users\annar\.m2\repository\org\apache\groovy\groovy-xml\4.0.16\groovy-xml-4.0.16.jar;C:\Users\annar\.m2\repository\org\apache\httpcomponents\httpmime\4.5.13\httpmime-4.5.13.jar;C:\Users\annar\.m2\repository\org\hamcrest\hamcrest\2.2\hamcrest-2.2.jar;C:\Users\annar\.m2\repository\org\ccil\cowan\tagsoup\tagsoup\1.2.1\tagsoup-1.2.1.jar;C:\Users\annar\.m2\repository\io\rest-assured\json-path\5.4.0\json-path-5.4.0.jar;C:\Users\annar\.m2\repository\org\apache\groovy\groovy-json\4.0.16\groovy-json-4.0.16.jar;C:\Users\annar\.m2\repository\io\rest-assured\rest-assured-common\5.4.0\rest-assured-common-5.4.0.jar;C:\Users\annar\.m2\repository\io\rest-assured\xml-path\5.4.0\xml-path-5.4.0.jar;C:\Users\annar\.m2\repository\org\testng\testng\7.10.2\testng-7.10.2.jar;C:\Users\annar\.m2\repository\com\beust\jcommander\1.82\jcommander-1.82.jar;C:\Users\annar\.m2\repository\org\webjars\jquery\3.7.1\jquery-3.7.1.jar;C:\Users\annar\.m2\repository\com\jayway\jsonpath\json-path\2.9.0\json-path-2.9.0.jar;C:\Users\annar\.m2\repository\net\minidev\json-smart\2.5.0\json-smart-2.5.0.jar;C:\Users\annar\.m2\repository\net\minidev\accessors-smart\2.5.0\accessors-smart-2.5.0.jar;C:\Users\annar\.m2\repository\org\ow2\asm\asm\9.3\asm-9.3.jar;"/>
    <property name="java.vm.vendor" value="Oracle Corporation"/>
    <property name="sun.arch.data.model" value="64"/>
    <property name="user.variant" value=""/>
    <property name="java.vendor.url" value="https://java.oracle.com/"/>
    <property name="user.timezone" value="America/New_York"/>
    <property name="os.name" value="Windows 11"/>
    <property name="java.vm.specification.version" value="21"/>
    <property name="sun.java.launcher" value="SUN_STANDARD"/>
    <property name="user.country" value="US"/>
    <property name="sun.boot.library.path" value="C:\Program Files\Java\jdk-21\bin"/>
    <property name="sun.java.command" value="C:\Users\annar\AppData\Local\Temp\surefire9275106019139960015\surefirebooter-20251015165857272_3.jar C:\Users\annar\AppData\Local\Temp\surefire9275106019139960015 2025-10-15T16-58-57_170-jvmRun1 surefire-20251015165857272_1tmp surefire_0-20251015165857272_2tmp"/>
    <property name="jdk.debug" value="release"/>
    <property name="surefire.test.class.path" value="C:\Users\annar\source\Solvd\AutoTests\target\test-classes;C:\Users\annar\source\Solvd\AutoTests\target\classes;C:\Users\annar\.m2\repository\com\zebrunner\carina-core\1.2.10\carina-core-1.2.10.jar;C:\Users\annar\.m2\repository\com\zebrunner\carina-webdriver\1.2.11\carina-webdriver-1.2.11.jar;C:\Users\annar\.m2\repository\com\zebrunner\carina-commons\1.0.2\carina-commons-1.0.2.jar;C:\Users\annar\.m2\repository\com\zebrunner\agent-testng-pluggable\1.9.8\agent-testng-pluggable-1.9.8.jar;C:\Users\annar\.m2\repository\com\zebrunner\agent-core\1.9.8\agent-core-1.9.8.jar;C:\Users\annar\.m2\repository\org\yaml\snakeyaml\1.30\snakeyaml-1.30.jar;C:\Users\annar\.m2\repository\com\konghq\unirest-java\3.13.10\unirest-java-3.13.10.jar;C:\Users\annar\.m2\repository\org\apache\httpcomponents\httpcore-nio\4.4.13\httpcore-nio-4.4.13.jar;C:\Users\annar\.m2\repository\org\apache\httpcomponents\httpasyncclient\4.1.5\httpasyncclient-4.1.5.jar;C:\Users\annar\.m2\repository\com\google\guava\guava\32.1.2-jre\guava-32.1.2-jre.jar;C:\Users\annar\.m2\repository\com\google\guava\failureaccess\1.0.1\failureaccess-1.0.1.jar;C:\Users\annar\.m2\repository\com\google\guava\listenablefuture\9999.0-empty-to-avoid-conflict-with-guava\listenablefuture-9999.0-empty-to-avoid-conflict-with-guava.jar;C:\Users\annar\.m2\repository\com\google\code\findbugs\jsr305\3.0.2\jsr305-3.0.2.jar;C:\Users\annar\.m2\repository\org\checkerframework\checker-qual\3.33.0\checker-qual-3.33.0.jar;C:\Users\annar\.m2\repository\com\google\errorprone\error_prone_annotations\2.18.0\error_prone_annotations-2.18.0.jar;C:\Users\annar\.m2\repository\com\google\j2objc\j2objc-annotations\2.8\j2objc-annotations-2.8.jar;C:\Users\annar\.m2\repository\org\seleniumhq\selenium\selenium-support\4.13.0\selenium-support-4.13.0.jar;C:\Users\annar\.m2\repository\com\google\auto\service\auto-service-annotations\1.1.1\auto-service-annotations-1.1.1.jar;C:\Users\annar\.m2\repository\net\bytebuddy\byte-buddy\1.14.5\byte-buddy-1.14.5.jar;C:\Users\annar\.m2\repository\org\seleniumhq\selenium\selenium-json\4.13.0\selenium-json-4.13.0.jar;C:\Users\annar\.m2\repository\org\seleniumhq\selenium\selenium-api\4.13.0\selenium-api-4.13.0.jar;C:\Users\annar\.m2\repository\org\seleniumhq\selenium\selenium-remote-driver\4.13.0\selenium-remote-driver-4.13.0.jar;C:\Users\annar\.m2\repository\io\netty\netty-buffer\4.1.96.Final\netty-buffer-4.1.96.Final.jar;C:\Users\annar\.m2\repository\io\netty\netty-codec-http\4.1.96.Final\netty-codec-http-4.1.96.Final.jar;C:\Users\annar\.m2\repository\io\netty\netty-common\4.1.96.Final\netty-common-4.1.96.Final.jar;C:\Users\annar\.m2\repository\io\netty\netty-transport-classes-epoll\4.1.96.Final\netty-transport-classes-epoll-4.1.96.Final.jar;C:\Users\annar\.m2\repository\io\netty\netty-transport-classes-kqueue\4.1.96.Final\netty-transport-classes-kqueue-4.1.96.Final.jar;C:\Users\annar\.m2\repository\io\netty\netty-transport-native-epoll\4.1.96.Final\netty-transport-native-epoll-4.1.96.Final.jar;C:\Users\annar\.m2\repository\io\netty\netty-transport-native-kqueue\4.1.96.Final\netty-transport-native-kqueue-4.1.96.Final.jar;C:\Users\annar\.m2\repository\io\netty\netty-transport-native-unix-common\4.1.96.Final\netty-transport-native-unix-common-4.1.96.Final.jar;C:\Users\annar\.m2\repository\io\netty\netty-transport\4.1.96.Final\netty-transport-4.1.96.Final.jar;C:\Users\annar\.m2\repository\io\opentelemetry\opentelemetry-api\1.28.0\opentelemetry-api-1.28.0.jar;C:\Users\annar\.m2\repository\io\opentelemetry\opentelemetry-context\1.28.0\opentelemetry-context-1.28.0.jar;C:\Users\annar\.m2\repository\io\opentelemetry\opentelemetry-exporter-logging\1.28.0\opentelemetry-exporter-logging-1.28.0.jar;C:\Users\annar\.m2\repository\io\opentelemetry\opentelemetry-sdk-metrics\1.28.0\opentelemetry-sdk-metrics-1.28.0.jar;C:\Users\annar\.m2\repository\io\opentelemetry\opentelemetry-extension-incubator\1.28.0-alpha\opentelemetry-extension-incubator-1.28.0-alpha.jar;C:\Users\annar\.m2\repository\io\opentelemetry\opentelemetry-sdk-logs\1.28.0\opentelemetry-sdk-logs-1.28.0.jar;C:\Users\annar\.m2\repository\io\opentelemetry\opentelemetry-sdk-common\1.28.0\opentelemetry-sdk-common-1.28.0.jar;C:\Users\annar\.m2\repository\io\opentelemetry\opentelemetry-sdk-extension-autoconfigure-spi\1.28.0\opentelemetry-sdk-extension-autoconfigure-spi-1.28.0.jar;C:\Users\annar\.m2\repository\io\opentelemetry\opentelemetry-sdk-extension-autoconfigure\1.28.0\opentelemetry-sdk-extension-autoconfigure-1.28.0.jar;C:\Users\annar\.m2\repository\io\opentelemetry\opentelemetry-api-events\1.28.0-alpha\opentelemetry-api-events-1.28.0-alpha.jar;C:\Users\annar\.m2\repository\io\opentelemetry\opentelemetry-sdk-trace\1.28.0\opentelemetry-sdk-trace-1.28.0.jar;C:\Users\annar\.m2\repository\io\opentelemetry\opentelemetry-sdk\1.28.0\opentelemetry-sdk-1.28.0.jar;C:\Users\annar\.m2\repository\io\opentelemetry\opentelemetry-semconv\1.28.0-alpha\opentelemetry-semconv-1.28.0-alpha.jar;C:\Users\annar\.m2\repository\org\asynchttpclient\async-http-client\2.12.3\async-http-client-2.12.3.jar;C:\Users\annar\.m2\repository\org\asynchttpclient\async-http-client-netty-utils\2.12.3\async-http-client-netty-utils-2.12.3.jar;C:\Users\annar\.m2\repository\org\reactivestreams\reactive-streams\1.0.3\reactive-streams-1.0.3.jar;C:\Users\annar\.m2\repository\com\typesafe\netty\netty-reactive-streams\2.0.4\netty-reactive-streams-2.0.4.jar;C:\Users\annar\.m2\repository\com\sun\activation\jakarta.activation\1.2.2\jakarta.activation-1.2.2.jar;C:\Users\annar\.m2\repository\org\seleniumhq\selenium\selenium-http\4.13.0\selenium-http-4.13.0.jar;C:\Users\annar\.m2\repository\dev\failsafe\failsafe\3.3.2\failsafe-3.3.2.jar;C:\Users\annar\.m2\repository\org\seleniumhq\selenium\selenium-manager\4.13.0\selenium-manager-4.13.0.jar;C:\Users\annar\.m2\repository\org\seleniumhq\selenium\selenium-os\4.13.0\selenium-os-4.13.0.jar;C:\Users\annar\.m2\repository\org\apache\commons\commons-exec\1.3\commons-exec-1.3.jar;C:\Users\annar\.m2\repository\org\seleniumhq\selenium\selenium-firefox-driver\4.13.0\selenium-firefox-driver-4.13.0.jar;C:\Users\annar\.m2\repository\org\seleniumhq\selenium\selenium-devtools-v85\4.13.0\selenium-devtools-v85-4.13.0.jar;C:\Users\annar\.m2\repository\org\seleniumhq\selenium\selenium-chrome-driver\4.13.0\selenium-chrome-driver-4.13.0.jar;C:\Users\annar\.m2\repository\org\seleniumhq\selenium\selenium-chromium-driver\4.13.0\selenium-chromium-driver-4.13.0.jar;C:\Users\annar\.m2\repository\org\seleniumhq\selenium\selenium-edge-driver\4.13.0\selenium-edge-driver-4.13.0.jar;C:\Users\annar\.m2\repository\org\seleniumhq\selenium\selenium-ie-driver\4.13.0\selenium-ie-driver-4.13.0.jar;C:\Users\annar\.m2\repository\org\seleniumhq\selenium\selenium-safari-driver\4.13.0\selenium-safari-driver-4.13.0.jar;C:\Users\annar\.m2\repository\io\appium\java-client\8.6.0\java-client-8.6.0.jar;C:\Users\annar\.m2\repository\com\github\kklisura\cdt\cdt-java-client\4.0.0\cdt-java-client-4.0.0.jar;C:\Users\annar\.m2\repository\javax\websocket\javax.websocket-api\1.1\javax.websocket-api-1.1.jar;C:\Users\annar\.m2\repository\org\glassfish\tyrus\tyrus-container-grizzly-client\1.13.1\tyrus-container-grizzly-client-1.13.1.jar;C:\Users\annar\.m2\repository\org\glassfish\grizzly\grizzly-framework\2.3.25\grizzly-framework-2.3.25.jar;C:\Users\annar\.m2\repository\org\glassfish\grizzly\grizzly-http-server\2.3.25\grizzly-http-server-2.3.25.jar;C:\Users\annar\.m2\repository\org\glassfish\grizzly\grizzly-http\2.3.25\grizzly-http-2.3.25.jar;C:\Users\annar\.m2\repository\org\glassfish\tyrus\tyrus-client\1.13.1\tyrus-client-1.13.1.jar;C:\Users\annar\.m2\repository\org\glassfish\tyrus\tyrus-core\1.13.1\tyrus-core-1.13.1.jar;C:\Users\annar\.m2\repository\org\glassfish\tyrus\tyrus-spi\1.13.1\tyrus-spi-1.13.1.jar;C:\Users\annar\.m2\repository\org\apache\pdfbox\pdfbox\2.0.28\pdfbox-2.0.28.jar;C:\Users\annar\.m2\repository\org\apache\pdfbox\fontbox\2.0.28\fontbox-2.0.28.jar;C:\Users\annar\.m2\repository\ru\yandex\qatools\ashot\ashot\1.5.4\ashot-1.5.4.jar;C:\Users\annar\.m2\repository\joda-time\joda-time\2.9.9\joda-time-2.9.9.jar;C:\Users\annar\.m2\repository\com\itextpdf\itextpdf\5.5.13.3\itextpdf-5.5.13.3.jar;C:\Users\annar\.m2\repository\org\reflections\reflections\0.10.2\reflections-0.10.2.jar;C:\Users\annar\.m2\repository\com\sun\jersey\jersey-core\1.19.4\jersey-core-1.19.4.jar;C:\Users\annar\.m2\repository\javax\ws\rs\jsr311-api\1.1.1\jsr311-api-1.1.1.jar;C:\Users\annar\.m2\repository\commons-collections\commons-collections\3.2.2\commons-collections-3.2.2.jar;C:\Users\annar\.m2\repository\org\hamcrest\hamcrest-core\1.3\hamcrest-core-1.3.jar;C:\Users\annar\.m2\repository\org\hamcrest\hamcrest-all\1.3\hamcrest-all-1.3.jar;C:\Users\annar\.m2\repository\org\imgscalr\imgscalr-lib\4.2\imgscalr-lib-4.2.jar;C:\Users\annar\.m2\repository\org\apiguardian\apiguardian-api\1.1.2\apiguardian-api-1.1.2.jar;C:\Users\annar\.m2\repository\org\slf4j\slf4j-api\1.7.30\slf4j-api-1.7.30.jar;C:\Users\annar\.m2\repository\org\apache\logging\log4j\log4j-api\2.17.1\log4j-api-2.17.1.jar;C:\Users\annar\.m2\repository\org\apache\logging\log4j\log4j-core\2.17.1\log4j-core-2.17.1.jar;C:\Users\annar\.m2\repository\org\apache\logging\log4j\log4j-slf4j-impl\2.17.1\log4j-slf4j-impl-2.17.1.jar;C:\Users\annar\.m2\repository\com\nordstrom\tools\testng-foundation\2.0.1\testng-foundation-2.0.1.jar;C:\Users\annar\.m2\repository\com\nordstrom\tools\java-utils\1.9.3\java-utils-1.9.3.jar;C:\Users\annar\.m2\repository\com\nordstrom\tools\settings\2.3.3\settings-2.3.3.jar;C:\Users\annar\.m2\repository\commons-beanutils\commons-beanutils\1.9.4\commons-beanutils-1.9.4.jar;C:\Users\annar\.m2\repository\com\zebrunner\carina-api\1.0.1\carina-api-1.0.1.jar;C:\Users\annar\.m2\repository\com\zebrunner\carina-utils\1.0.3\carina-utils-1.0.3.jar;C:\Users\annar\.m2\repository\com\zebrunner\carina-crypto\1.0.1\carina-crypto-1.0.1.jar;C:\Users\annar\.m2\repository\commons-cli\commons-cli\1.5.0\commons-cli-1.5.0.jar;C:\Users\annar\.m2\repository\com\sun\jna\jna\3.0.9\jna-3.0.9.jar;C:\Users\annar\.m2\repository\com\fasterxml\jackson\core\jackson-core\2.14.1\jackson-core-2.14.1.jar;C:\Users\annar\.m2\repository\com\fasterxml\jackson\core\jackson-databind\2.14.1\jackson-databind-2.14.1.jar;C:\Users\annar\.m2\repository\com\fasterxml\jackson\core\jackson-annotations\2.14.1\jackson-annotations-2.14.1.jar;C:\Users\annar\.m2\repository\org\mongodb\mongo-java-driver\2.11.3\mongo-java-driver-2.11.3.jar;C:\Users\annar\.m2\repository\commons-net\commons-net\3.9.0\commons-net-3.9.0.jar;C:\Users\annar\.m2\repository\com\google\code\gson\gson\2.9.0\gson-2.9.0.jar;C:\Users\annar\.m2\repository\javax\xml\bind\jaxb-api\2.2.2\jaxb-api-2.2.2.jar;C:\Users\annar\.m2\repository\javax\xml\stream\stax-api\1.0-2\stax-api-1.0-2.jar;C:\Users\annar\.m2\repository\javax\activation\activation\1.1\activation-1.1.jar;C:\Users\annar\.m2\repository\org\apache\poi\poi-ooxml\4.1.2\poi-ooxml-4.1.2.jar;C:\Users\annar\.m2\repository\org\apache\poi\poi\4.1.2\poi-4.1.2.jar;C:\Users\annar\.m2\repository\org\apache\commons\commons-collections4\4.4\commons-collections4-4.4.jar;C:\Users\annar\.m2\repository\org\apache\commons\commons-math3\3.6.1\commons-math3-3.6.1.jar;C:\Users\annar\.m2\repository\com\zaxxer\SparseBitSet\1.2\SparseBitSet-1.2.jar;C:\Users\annar\.m2\repository\org\apache\poi\poi-ooxml-schemas\4.1.2\poi-ooxml-schemas-4.1.2.jar;C:\Users\annar\.m2\repository\org\apache\xmlbeans\xmlbeans\3.1.0\xmlbeans-3.1.0.jar;C:\Users\annar\.m2\repository\org\apache\commons\commons-compress\1.19\commons-compress-1.19.jar;C:\Users\annar\.m2\repository\com\github\virtuald\curvesapi\1.06\curvesapi-1.06.jar;C:\Users\annar\.m2\repository\com\zebrunner\carina-proxy\1.0.1\carina-proxy-1.0.1.jar;C:\Users\annar\.m2\repository\com\browserup\browserup-proxy-core\2.1.2\browserup-proxy-core-2.1.2.jar;C:\Users\annar\.m2\repository\xyz\rogfam\littleproxy\2.0.0-beta-5\littleproxy-2.0.0-beta-5.jar;C:\Users\annar\.m2\repository\com\barchart\udt\barchart-udt-bundle\2.3.0\barchart-udt-bundle-2.3.0.jar;C:\Users\annar\.m2\repository\com\browserup\browserup-proxy-mitm\2.1.2\browserup-proxy-mitm-2.1.2.jar;C:\Users\annar\.m2\repository\com\jcraft\jzlib\1.1.3\jzlib-1.1.3.jar;C:\Users\annar\.m2\repository\dnsjava\dnsjava\3.1.0\dnsjava-3.1.0.jar;C:\Users\annar\.m2\repository\org\bouncycastle\bcpkix-jdk15on\1.64\bcpkix-jdk15on-1.64.jar;C:\Users\annar\.m2\repository\org\bouncycastle\bcprov-jdk15on\1.64\bcprov-jdk15on-1.64.jar;C:\Users\annar\.m2\repository\org\brotli\dec\0.1.2\dec-0.1.2.jar;C:\Users\annar\.m2\repository\org\slf4j\jcl-over-slf4j\1.7.30\jcl-over-slf4j-1.7.30.jar;C:\Users\annar\.m2\repository\io\netty\netty-all\4.1.80.Final\netty-all-4.1.80.Final.jar;C:\Users\annar\.m2\repository\io\netty\netty-codec\4.1.80.Final\netty-codec-4.1.80.Final.jar;C:\Users\annar\.m2\repository\io\netty\netty-codec-dns\4.1.80.Final\netty-codec-dns-4.1.80.Final.jar;C:\Users\annar\.m2\repository\io\netty\netty-codec-haproxy\4.1.80.Final\netty-codec-haproxy-4.1.80.Final.jar;C:\Users\annar\.m2\repository\io\netty\netty-codec-http2\4.1.80.Final\netty-codec-http2-4.1.80.Final.jar;C:\Users\annar\.m2\repository\io\netty\netty-codec-memcache\4.1.80.Final\netty-codec-memcache-4.1.80.Final.jar;C:\Users\annar\.m2\repository\io\netty\netty-codec-mqtt\4.1.80.Final\netty-codec-mqtt-4.1.80.Final.jar;C:\Users\annar\.m2\repository\io\netty\netty-codec-redis\4.1.80.Final\netty-codec-redis-4.1.80.Final.jar;C:\Users\annar\.m2\repository\io\netty\netty-codec-smtp\4.1.80.Final\netty-codec-smtp-4.1.80.Final.jar;C:\Users\annar\.m2\repository\io\netty\netty-codec-socks\4.1.80.Final\netty-codec-socks-4.1.80.Final.jar;C:\Users\annar\.m2\repository\io\netty\netty-codec-stomp\4.1.80.Final\netty-codec-stomp-4.1.80.Final.jar;C:\Users\annar\.m2\repository\io\netty\netty-codec-xml\4.1.80.Final\netty-codec-xml-4.1.80.Final.jar;C:\Users\annar\.m2\repository\io\netty\netty-handler\4.1.80.Final\netty-handler-4.1.80.Final.jar;C:\Users\annar\.m2\repository\io\netty\netty-handler-proxy\4.1.80.Final\netty-handler-proxy-4.1.80.Final.jar;C:\Users\annar\.m2\repository\io\netty\netty-resolver\4.1.80.Final\netty-resolver-4.1.80.Final.jar;C:\Users\annar\.m2\repository\io\netty\netty-resolver-dns\4.1.80.Final\netty-resolver-dns-4.1.80.Final.jar;C:\Users\annar\.m2\repository\io\netty\netty-transport-rxtx\4.1.80.Final\netty-transport-rxtx-4.1.80.Final.jar;C:\Users\annar\.m2\repository\io\netty\netty-transport-sctp\4.1.80.Final\netty-transport-sctp-4.1.80.Final.jar;C:\Users\annar\.m2\repository\io\netty\netty-transport-udt\4.1.80.Final\netty-transport-udt-4.1.80.Final.jar;C:\Users\annar\.m2\repository\io\netty\netty-resolver-dns-classes-macos\4.1.80.Final\netty-resolver-dns-classes-macos-4.1.80.Final.jar;C:\Users\annar\.m2\repository\io\netty\netty-transport-native-epoll\4.1.80.Final\netty-transport-native-epoll-4.1.80.Final-linux-x86_64.jar;C:\Users\annar\.m2\repository\io\netty\netty-transport-native-epoll\4.1.80.Final\netty-transport-native-epoll-4.1.80.Final-linux-aarch_64.jar;C:\Users\annar\.m2\repository\io\netty\netty-transport-native-kqueue\4.1.80.Final\netty-transport-native-kqueue-4.1.80.Final-osx-x86_64.jar;C:\Users\annar\.m2\repository\io\netty\netty-transport-native-kqueue\4.1.80.Final\netty-transport-native-kqueue-4.1.80.Final-osx-aarch_64.jar;C:\Users\annar\.m2\repository\io\netty\netty-resolver-dns-native-macos\4.1.80.Final\netty-resolver-dns-native-macos-4.1.80.Final-osx-x86_64.jar;C:\Users\annar\.m2\repository\io\netty\netty-resolver-dns-native-macos\4.1.80.Final\netty-resolver-dns-native-macos-4.1.80.Final-osx-aarch_64.jar;C:\Users\annar\.m2\repository\io\netty\netty-tcnative-classes\2.0.54.Final\netty-tcnative-classes-2.0.54.Final.jar;C:\Users\annar\.m2\repository\org\apache\commons\commons-lang3\3.5\commons-lang3-3.5.jar;C:\Users\annar\.m2\repository\org\apache\httpcomponents\httpclient\4.5.13\httpclient-4.5.13.jar;C:\Users\annar\.m2\repository\org\apache\httpcomponents\httpcore\4.4.13\httpcore-4.4.13.jar;C:\Users\annar\.m2\repository\commons-logging\commons-logging\1.2\commons-logging-1.2.jar;C:\Users\annar\.m2\repository\commons-codec\commons-codec\1.11\commons-codec-1.11.jar;C:\Users\annar\.m2\repository\commons-io\commons-io\2.7\commons-io-2.7.jar;C:\Users\annar\.m2\repository\org\apache\commons\commons-configuration2\2.8.0\commons-configuration2-2.8.0.jar;C:\Users\annar\.m2\repository\org\apache\commons\commons-text\1.10.0\commons-text-1.10.0.jar;C:\Users\annar\.m2\repository\org\freemarker\freemarker\2.3.31\freemarker-2.3.31.jar;C:\Users\annar\.m2\repository\org\skyscreamer\jsonassert\1.5.0\jsonassert-1.5.0.jar;C:\Users\annar\.m2\repository\ognl\ognl\3.3.2\ognl-3.3.2.jar;C:\Users\annar\.m2\repository\org\javassist\javassist\3.28.0-GA\javassist-3.28.0-GA.jar;C:\Users\annar\.m2\repository\org\xmlunit\xmlunit-assertj3\2.8.2\xmlunit-assertj3-2.8.2.jar;C:\Users\annar\.m2\repository\org\xmlunit\xmlunit-core\2.8.2\xmlunit-core-2.8.2.jar;C:\Users\annar\.m2\repository\jakarta\xml\bind\jakarta.xml.bind-api\2.3.3\jakarta.xml.bind-api-2.3.3.jar;C:\Users\annar\.m2\repository\jakarta\activation\jakarta.activation-api\1.2.2\jakarta.activation-api-1.2.2.jar;C:\Users\annar\.m2\repository\org\assertj\assertj-core\3.18.1\assertj-core-3.18.1.jar;C:\Users\annar\.m2\repository\io\rest-assured\json-schema-validator\4.3.0\json-schema-validator-4.3.0.jar;C:\Users\annar\.m2\repository\com\github\java-json-tools\json-schema-validator\2.2.10\json-schema-validator-2.2.10.jar;C:\Users\annar\.m2\repository\com\github\java-json-tools\json-schema-core\1.2.10\json-schema-core-1.2.10.jar;C:\Users\annar\.m2\repository\com\github\java-json-tools\jackson-coreutils\1.9\jackson-coreutils-1.9.jar;C:\Users\annar\.m2\repository\com\github\fge\msg-simple\1.1\msg-simple-1.1.jar;C:\Users\annar\.m2\repository\com\github\fge\btf\1.2\btf-1.2.jar;C:\Users\annar\.m2\repository\com\github\fge\uri-template\0.9\uri-template-0.9.jar;C:\Users\annar\.m2\repository\org\mozilla\rhino\1.7.7.1\rhino-1.7.7.1.jar;C:\Users\annar\.m2\repository\javax\mail\mailapi\1.4.3\mailapi-1.4.3.jar;C:\Users\annar\.m2\repository\com\googlecode\libphonenumber\libphonenumber\8.0.0\libphonenumber-8.0.0.jar;C:\Users\annar\.m2\repository\net\sf\jopt-simple\jopt-simple\5.0.3\jopt-simple-5.0.3.jar;C:\Users\annar\.m2\repository\org\everit\json\org.everit.json.schema\1.5.1\org.everit.json.schema-1.5.1.jar;C:\Users\annar\.m2\repository\commons-validator\commons-validator\1.5.1\commons-validator-1.5.1.jar;C:\Users\annar\.m2\repository\commons-digester\commons-digester\1.8.1\commons-digester-1.8.1.jar;C:\Users\annar\.m2\repository\org\json\json\20160810\json-20160810.jar;C:\Users\annar\.m2\repository\io\rest-assured\rest-assured\5.4.0\rest-assured-5.4.0.jar;C:\Users\annar\.m2\repository\org\apache\groovy\groovy\4.0.16\groovy-4.0.16.jar;C:\Users\annar\.m2\repository\org\apache\groovy\groovy-xml\4.0.16\groovy-xml-4.0.16.jar;C:\Users\annar\.m2\repository\org\apache\httpcomponents\httpmime\4.5.13\httpmime-4.5.13.jar;C:\Users\annar\.m2\repository\org\hamcrest\hamcrest\2.2\hamcrest-2.2.jar;C:\Users\annar\.m2\repository\org\ccil\cowan\tagsoup\tagsoup\1.2.1\tagsoup-1.2.1.jar;C:\Users\annar\.m2\repository\io\rest-assured\json-path\5.4.0\json-path-5.4.0.jar;C:\Users\annar\.m2\repository\org\apache\groovy\groovy-json\4.0.16\groovy-json-4.0.16.jar;C:\Users\annar\.m2\repository\io\rest-assured\rest-assured-common\5.4.0\rest-assured-common-5.4.0.jar;C:\Users\annar\.m2\repository\io\rest-assured\xml-path\5.4.0\xml-path-5.4.0.jar;C:\Users\annar\.m2\repository\org\testng\testng\7.10.2\testng-7.10.2.jar;C:\Users\annar\.m2\repository\com\beust\jcommander\1.82\jcommander-1.82.jar;C:\Users\annar\.m2\repository\org\webjars\jquery\3.7.1\jquery-3.7.1.jar;C:\Users\annar\.m2\repository\com\jayway\jsonpath\json-path\2.9.0\json-path-2.9.0.jar;C:\Users\annar\.m2\repository\net\minidev\json-smart\2.5.0\json-smart-2.5.0.jar;C:\Users\annar\.m2\repository\net\minidev\accessors-smart\2.5.0\accessors-smart-2.5.0.jar;C:\Users\annar\.m2\repository\org\ow2\asm\asm\9.3\asm-9.3.jar;"/>
    <property name="sun.cpu.endian" value="little"/>
    <property name="user.home" value="C:\Users\annar"/>
    <property name="user.language" value="en"/>
    <property name="java.specification.vendor" value="Oracle Corporation"/>
    <property name="java.version.date" value="2025-04-15"/>
    <property name="java.home" value="C:\Program Files\Java\jdk-21"/>
    <property name="file.separator" value="\"/>
    <property name="basedir" value="C:\Users\annar\source\Solvd\AutoTests"/>
    <property name="java.vm.compressedOopsMode" value="Zero based"/>
    <property name="line.separator" value="&#10;"/>
    <property name="java.vm.specification.vendor" value="Oracle Corporation"/>
    <property name="java.specification.name" value="Java Platform API Specification"/>
    <property name="surefire.real.class.path" value="C:\Users\annar\AppData\Local\Temp\surefire9275106019139960015\surefirebooter-20251015165857272_3.jar"/>
    <property name="user.script" value=""/>
    <property name="sun.management.compiler" value="HotSpot 64-Bit Tiered Compilers"/>
    <property name="java.runtime.version" value="21.0.7+8-LTS-245"/>
    <property name="user.name" value="annar"/>
    <property name="stdout.encoding" value="Cp1252"/>
    <property name="path.separator" value=";"/>
    <property name="os.version" value="10.0"/>
    <property name="java.runtime.name" value="Java(TM) SE Runtime Environment"/>
    <property name="file.encoding" value="UTF-8"/>
    <property name="java.vm.name" value="Java HotSpot(TM) 64-Bit Server VM"/>
    <property name="localRepository" value="C:\Users\annar\.m2\repository"/>
    <property name="java.vendor.url.bug" value="https://bugreport.java.com/bugreport/"/>
    <property name="java.io.tmpdir" value="C:\Users\annar\AppData\Local\Temp\"/>
    <property name="java.version" value="21.0.7"/>
    <property name="user.dir" value="C:\Users\annar\source\Solvd\AutoTests"/>
    <property name="os.arch" value="amd64"/>
    <property name="java.vm.specification.name" value="Java Virtual Machine Specification"/>
    <property name="sun.os.patch.level" value=""/>
    <property name="native.encoding" value="Cp1252"/>
    <property name="java.library.path" value="C:\Program Files\Java\jdk-21\bin;C:\WINDOWS\Sun\Java\bin;C:\WINDOWS\system32;C:\WINDOWS;C:\Program Files\Common Files\Oracle\Java\javapath;C:\Program Files\BellSoft\LibericaJDK-11\bin;C:\Program Files\nodejs\;C:\ProgramData\chocolatey\bin;C:\Program Files\Git\cmd;C:\Program Files\Git\mingw64\bin;C:\Program Files\Git\usr\bin;C:\Program Files\Redis\;C:\Program Files\Amazon\AWSCLIV2\;C:\Users\annar\Downloads;C:\Program Files (x86)\Google\Cloud SDK\google-cloud-sdk\bin;C:\Users\annar\AppData\Local\Programs\Python\Python312;C:\Windows\System32\;C:\Users\annar\AppData\Roaming\npm;C:\Users\annar\AppData\Roaming\gradle-8.10\bin;C:\Users\annar\AppData\Local\Android\Sdk\platform-tools;C:\Users\annar\AppData\Local\Android\Sdk\emulator;C:\Users\annar\AppData\Local\Android\Sdk;C:\Users\YourUsername\AppData\Local\Android\Sdk\tools;C:\Users\annar\AppData\Local\Android\Sdk\bin;C:\Users\annar\AppData\Local\Programs\Python\Python312\Lib\site-packages\pip;C:\Users\annar\AppData\Roaming\Python\Scripts;C:\Program Files\GTK3-Runtime Win64\bin;C:\WINDOWS\system32;C:\WINDOWS;C:\WINDOWS\System32\Wbem;C:\WINDOWS\System32\WindowsPowerShell\v1.0\;C:\WINDOWS\System32\OpenSSH\;C:\Program Files\Apache\Maven\apache-maven-3.9.10\bin;C:\Program Files\Java\jdk-21\bin;;C:\Program Files\Docker\Docker\resources\bin;C:\Program Files\MySQL\MySQL Shell 8.0\bin\;C:\Program Files\Tesseract-OCR\tesseract.exe;C:\Program Files\Poppler\poppler-24.02.0\Library\bin;C:\Users\annar\AppData\Local\Programs\Microsoft VS Code\bin;C:\Users\annar\AppData\Local\Programs\Python\Python312;C:\Windows\System32\;C:\Users\annar\AppData\Local\Programs\Lens\resources\cli\bin;C:\Users\annar\AppData\Roaming\npm;C:\Users\annar\AppData\Roaming\gradle-8.10\bin;C:\Users\annar\AppData\Local\Android\Sdk\platform-tools;C:\Users\annar\AppData\Local\Android\Sdk\emulator;C:\Users\annar\AppData\Local\Android\Sdk;C:\Users\YourUsername\AppData\Local\Android\Sdk\tools;C:\Program Files\BellSoft\LibericaJDK-11\bin;C:\Users\annar\AppData\Local\Programs\Python\Python312\Lib\site-packages\pip;C:\Users\annar\AppData\Roaming\Python\Scripts;C:\Program Files\GTK3-Runtime Win64\bin;C:\Users\annar\AppData\Local\Microsoft\WindowsApps;C:\Program Files\JetBrains\IntelliJ IDEA 2025.1.2\bin;;C:\Program Files\Apache\Maven\apache-maven-3.9.10\bin;;c:\Users\annar\AppData\Roaming\Code\User\globalStorage\github.copilot-chat\debugCommand;."/>
    <property name="java.vm.info" value="mixed mode, sharing"/>
    <property name="stderr.encoding" value="Cp1252"/>
    <property name="java.vendor" value="Oracle Corporation"/>
    <property name="java.vm.version" value="21.0.7+8-LTS-245"/>
    <property name="sun.io.unicode.encoding" value="UnicodeLittle"/>
    <property name="java.class.version" value="65.0"/>
  </properties>
  <testcase name="testGetIP" classname="com.solvd.demo.HttpBinImperativeTests" time="9.862"/>
  <testcase name="testGetRequest" classname="com.solvd.demo.HttpBinImperativeTests" time="1.114">
    <system-out><![CDATA[{
    "args": {
        
    },
    "headers": {
        "Accept": "*/*",
        "Accept-Encoding": "gzip,deflate",
        "Host": "httpbin.org",
        "User-Agent": "Apache-HttpClient/4.5.13 (Java/21.0.7)",
        "X-Amzn-Trace-Id": "Root=1-68f00b1d-3afc95c405625c46734441f5"
    },
    "origin": "85.187.18.157",
    "url": "https://httpbin.org/get"
}
]]></system-out>
  </testcase>
  <testcase name="testGetUUID" classname="com.solvd.demo.HttpBinImperativeTests" time="1.984"/>
  <testcase name="testGetUserAgent" classname="com.solvd.demo.HttpBinImperativeTests" time="2.504"/>
  <testcase name="testStatus404" classname="com.solvd.demo.HttpBinImperativeTests" time="21.58"/>
  <testcase name="testDelay" classname="com.solvd.demo.HttpBinDeclarativeTests" time="7.27"/>
  <testcase name="testHeaders" classname="com.solvd.demo.HttpBinDeclarativeTests" time="16.966"/>
  <testcase name="testIP" classname="com.solvd.demo.HttpBinDeclarativeTests" time="0.807"/>
  <testcase name="testUUID" classname="com.solvd.demo.HttpBinDeclarativeTests" time="1.228"/>
  <testcase name="testUserAgent" classname="com.solvd.demo.HttpBinDeclarativeTests" time="10.268"/>
</testsuite>