<?xml version="1.0" encoding="UTF-8"?>
<!-- Generated by org.testng.reporters.JUnitReportReporter -->
<testsuite hostname="Anna" failures="0" tests="5" name="com.solvd.demo.HttpBinDeclarativeTests" time="36.537" errors="0" timestamp="2025-10-15T17:00:12 EDT" skipped="0">
  <testcase classname="com.solvd.demo.HttpBinDeclarativeTests" name="testHeaders" time="16.966"/>
  <testcase classname="com.solvd.demo.HttpBinDeclarativeTests" name="testUserAgent" time="10.266"/>
  <testcase classname="com.solvd.demo.HttpBinDeclarativeTests" name="testDelay" time="7.269"/>
  <testcase classname="com.solvd.demo.HttpBinDeclarativeTests" name="testIP" time="0.808"/>
  <testcase classname="com.solvd.demo.HttpBinDeclarativeTests" name="testUUID" time="1.228"/>
</testsuite> <!-- com.solvd.demo.HttpBinDeclarativeTests -->
