<?xml version="1.0" encoding="UTF-8"?>
<!-- Generated by org.testng.reporters.JUnitReportReporter -->
<testsuite hostname="Anna" failures="0" tests="5" name="com.solvd.demo.HttpBinImperativeTests" time="37.046" errors="0" timestamp="2025-10-15T17:00:12 EDT" skipped="0">
  <testcase classname="com.solvd.demo.HttpBinImperativeTests" name="testGetUserAgent" time="2.505"/>
  <testcase classname="com.solvd.demo.HttpBinImperativeTests" name="testGetUUID" time="1.995"/>
  <testcase classname="com.solvd.demo.HttpBinImperativeTests" name="testGetRequest" time="1.103"/>
  <testcase classname="com.solvd.demo.HttpBinImperativeTests" name="testStatus404" time="21.578"/>
  <testcase classname="com.solvd.demo.HttpBinImperativeTests" name="testGetIP" time="9.865"/>
</testsuite> <!-- com.solvd.demo.HttpBinImperativeTests -->
